{'max_samples': 41, 'max_samples_backward': 40, 'max_samples_forward': 1}
GASTONE
GASTONE
GASTONE
GASTONE
Model(
  (params): ParameterDict(
      (Add5): Object of type: Sum_Layer
      (Fir3): Object of type: Linear
      (Fir4): Object of type: Linear
    (Add5): Sum_Layer()
    (Fir3): Linear(in_features=40, out_features=1, bias=False)
    (Fir4): Linear(in_features=1, out_features=1, bias=False)
  )
)
{'Functions': {},
 'Inputs': {'F': {'dim': 1, 'sw': [0, 0], 'tw': [0, 0]},
            'x': {'dim': 1, 'sw': [0, 1], 'tw': [-2, 0]}},
 'Outputs': {'min_x': ('x', {'sw': [0, 1]}), 'min_x_k': 'Add5', 'x_k': 'Add5'},
 'Parameters': {'PFir2': {'dim': 1, 'tw': 2}, 'PFir3': {'dim': 1}},
 'Relations': {'Add5': ['Add', ['Fir3', 'Fir4']],
               'Fir3': ['Fir', [('x', {'tw': [-2, 0]})], 'PFir2'],
               'Fir4': ['Fir', ['F'], 'PFir3']},
 'SampleTime': 0.05}
{'max_samples': 41, 'max_samples_backward': 40, 'max_samples_forward': 1}
GASTONE
GASTONE
GASTONE
GASTONE
Starting Neu4Mes
GASTONE
GASTONE
Starting Neu4Mes
GASTONE
GASTONE
Starting Neu4Mes
{'Functions': {},
 'Inputs': {'F': {'dim': 1, 'sw': [0, 0], 'tw': [0, 0]},
            'x': {'dim': 1, 'sw': [0, 1], 'tw': [-2, 0]}},
 'Outputs': {'min_x': ('x', {'sw': [0, 1]}), 'min_x_k': 'Add5', 'x_k': 'Add5'},
 'Parameters': {'PFir2': {'dim': 1, 'tw': 2}, 'PFir3': {'dim': 1}},
 'Relations': {'Add5': ['Add', ['Fir3', 'Fir4']],
               'Fir3': ['Fir', [('x', {'tw': [-2, 0]})], 'PFir2'],
               'Fir4': ['Fir', ['F'], 'PFir3']},
 'SampleTime': 0.05}
